Start testing: Feb 16 13:21 WET
----------------------------------------------------------
1/2 Testing: BuildTest
1/2 Test: BuildTest
Command: "/Applications/CMake 2.8-10.app/Contents/bin/cmake" "--build" "/Users/antRthorn/Dropbox/hpgem/Phoenix" "--target" "Element_UnitTest.out"
Directory: /Users/antRthorn/Dropbox/hpgem/Phoenix/tests/unit/Base
"BuildTest" start time: Feb 16 13:21 WET
Output:
----------------------------------------------------------
Scanning dependencies of target Element_UnitTest.out
[  0%] Building CXX object tests/unit/Base/CMakeFiles/Element_UnitTest.out.dir/Element_UnitTest.cpp.o
/Users/antRthorn/Dropbox/hpgem/Phoenix/tests/unit/Base/Element_UnitTest.cpp:1:31: error: ../Base/Element.hpp: No such file or directory
/Users/antRthorn/Dropbox/hpgem/Phoenix/tests/unit/Base/Element_UnitTest.cpp:2:33: error: ../Geometry/Point.hpp: No such file or directory
/Users/antRthorn/Dropbox/hpgem/Phoenix/tests/unit/Base/Element_UnitTest.cpp:3:41: error: ../Geometry/PointPhysical.hpp: No such file or directory
/Users/antRthorn/Dropbox/hpgem/Phoenix/tests/unit/Base/Element_UnitTest.cpp:4:43: error: ../Geometry/ElementGeometry.hpp: No such file or directory
/Users/antRthorn/Dropbox/hpgem/Phoenix/tests/unit/Base/Element_UnitTest.cpp:5:44: error: ../Geometry/PhysicalGeometry.hpp: No such file or directory
/Users/antRthorn/Dropbox/hpgem/Phoenix/tests/unit/Base/Element_UnitTest.cpp:6:43: error: ../Geometry/ReferenceSquare.hpp: No such file or directory
/Users/antRthorn/Dropbox/hpgem/Phoenix/tests/unit/Base/Element_UnitTest.cpp:7:52: error: ../Geometry/MappingSimpleCubeNLinear.hpp: No such file or directory
/Users/antRthorn/Dropbox/hpgem/Phoenix/tests/unit/Base/Element_UnitTest.cpp:8:48: error: ../LinearAlgebra/NumericalVector.hpp: No such file or directory
/Users/antRthorn/Dropbox/hpgem/Phoenix/tests/unit/Base/Element_UnitTest.cpp: In function ‘int main()’:
/Users/antRthorn/Dropbox/hpgem/Phoenix/tests/unit/Base/Element_UnitTest.cpp:17: error: ‘i’ was not declared in this scope
/Users/antRthorn/Dropbox/hpgem/Phoenix/tests/unit/Base/Element_UnitTest.cpp:41: error: ‘Geometry’ has not been declared
/Users/antRthorn/Dropbox/hpgem/Phoenix/tests/unit/Base/Element_UnitTest.cpp:41: error: expected `;' before ‘referenceSquare’
/Users/antRthorn/Dropbox/hpgem/Phoenix/tests/unit/Base/Element_UnitTest.cpp:43: error: ‘cout’ was not declared in this scope
/Users/antRthorn/Dropbox/hpgem/Phoenix/tests/unit/Base/Element_UnitTest.cpp:43: error: ‘referenceSquare’ was not declared in this scope
/Users/antRthorn/Dropbox/hpgem/Phoenix/tests/unit/Base/Element_UnitTest.cpp:45: error: ‘Geometry’ has not been declared
/Users/antRthorn/Dropbox/hpgem/Phoenix/tests/unit/Base/Element_UnitTest.cpp:45: error: ‘points’ was not declared in this scope
/Users/antRthorn/Dropbox/hpgem/Phoenix/tests/unit/Base/Element_UnitTest.cpp:45: error: ‘physicalGeometry’ was not declared in this scope
/Users/antRthorn/Dropbox/hpgem/Phoenix/tests/unit/Base/Element_UnitTest.cpp:46: error: ‘Geometry’ has not been declared
/Users/antRthorn/Dropbox/hpgem/Phoenix/tests/unit/Base/Element_UnitTest.cpp:46: error: expected initializer before ‘<’ token
/Users/antRthorn/Dropbox/hpgem/Phoenix/tests/unit/Base/Element_UnitTest.cpp:47: error: ‘Geometry’ has not been declared
/Users/antRthorn/Dropbox/hpgem/Phoenix/tests/unit/Base/Element_UnitTest.cpp:47: error: ‘lala’ was not declared in this scope
/Users/antRthorn/Dropbox/hpgem/Phoenix/tests/unit/Base/Element_UnitTest.cpp:47: error: ‘mapping’ was not declared in this scope
/Users/antRthorn/Dropbox/hpgem/Phoenix/tests/unit/Base/Element_UnitTest.cpp:49: error: ‘Base’ has not been declared
/Users/antRthorn/Dropbox/hpgem/Phoenix/tests/unit/Base/Element_UnitTest.cpp:49: error: ‘element’ was not declared in this scope
make[4]: *** [tests/unit/Base/CMakeFiles/Element_UnitTest.out.dir/Element_UnitTest.cpp.o] Error 1
make[3]: *** [tests/unit/Base/CMakeFiles/Element_UnitTest.out.dir/all] Error 2
make[2]: *** [tests/unit/Base/CMakeFiles/Element_UnitTest.out.dir/rule] Error 2
make[1]: *** [Element_UnitTest.out] Error 2
<end of output>
Test time =   0.26 sec
----------------------------------------------------------
Test Failed.
"BuildTest" end time: Feb 16 13:21 WET
"BuildTest" time elapsed: 00:00:00
----------------------------------------------------------

Unable to find executable: Element_UnitTest.out
2/2 Testing: Element_UnitTest
2/2 Test: Element_UnitTest
Command: ""
Directory: /Users/antRthorn/Dropbox/hpgem/Phoenix/tests/unit/Base
"Element_UnitTest" start time: 
Output:
----------------------------------------------------------
<end of output>
Test time =   0.00 sec
----------------------------------------------------------
Test Passed.
"Element_UnitTest" end time: Feb 16 13:21 WET
"Element_UnitTest" time elapsed: 00:00:00
----------------------------------------------------------

End testing: Feb 16 13:21 WET
