Start testing: Feb 16 13:24 WET
----------------------------------------------------------
1/16 Testing: BuildTest
1/16 Test: BuildTest
Command: "/Applications/CMake 2.8-10.app/Contents/bin/cmake" "--build" "/Users/antRthorn/Dropbox/hpgem/Phoenix" "--target" "MatrixTest.out"
Directory: /Users/antRthorn/Dropbox/hpgem/Phoenix/tests/unit/LinearAlgebra
"BuildTest" start time: Feb 16 13:24 WET
Output:
----------------------------------------------------------
[100%] Built target MatrixTest.out
<end of output>
Test time =   0.07 sec
----------------------------------------------------------
Test Passed.
"BuildTest" end time: Feb 16 13:24 WET
"BuildTest" time elapsed: 00:00:00
----------------------------------------------------------

2/16 Testing: MatrixTest
2/16 Test: MatrixTest
Command: "/Users/antRthorn/Dropbox/hpgem/Phoenix/tests/unit/LinearAlgebra/MatrixTest.out"
Directory: /Users/antRthorn/Dropbox/hpgem/Phoenix/tests/unit/LinearAlgebra
"MatrixTest" start time: Feb 16 13:24 WET
Output:
----------------------------------------------------------
[(1,2),
 (3,4)]
[(1.5,1.5,1.5),
 (1.5,1.5,1.5)]
<end of output>
Test time =   0.00 sec
----------------------------------------------------------
Test Passed.
"MatrixTest" end time: Feb 16 13:24 WET
"MatrixTest" time elapsed: 00:00:00
----------------------------------------------------------

3/16 Testing: VectorTest
3/16 Test: VectorTest
Command: "/Users/antRthorn/Dropbox/hpgem/Phoenix/tests/unit/LinearAlgebra/VectorTest.out"
Directory: /Users/antRthorn/Dropbox/hpgem/Phoenix/tests/unit/LinearAlgebra
"VectorTest" start time: Feb 16 13:24 WET
Output:
----------------------------------------------------------
3
<end of output>
Test time =   0.00 sec
----------------------------------------------------------
Test Passed.
"VectorTest" end time: Feb 16 13:24 WET
"VectorTest" time elapsed: 00:00:00
----------------------------------------------------------

4/16 Testing: BuildTest
4/16 Test: BuildTest
Command: "/Applications/CMake 2.8-10.app/Contents/bin/cmake" "--build" "/Users/antRthorn/Dropbox/hpgem/Phoenix" "--target" "TetrahedronTest.out"
Directory: /Users/antRthorn/Dropbox/hpgem/Phoenix/tests/unit/Geometry
"BuildTest" start time: Feb 16 13:24 WET
Output:
----------------------------------------------------------
[100%] Building CXX object tests/unit/Geometry/CMakeFiles/TetrahedronTest.out.dir/__/__/__/src/Geometry/ReferenceTetrahedron.cpp.o
In file included from /Users/antRthorn/Dropbox/hpgem/Phoenix/src/Geometry/ReferenceTetrahedron.cpp:9:
/Users/antRthorn/Dropbox/hpgem/Phoenix/src/Geometry/ReferenceTetrahedron.hpp: In static member function ‘static Geometry::ReferenceTetrahedron& Geometry::ReferenceTetrahedron::Instance()’:
/Users/antRthorn/Dropbox/hpgem/Phoenix/src/Geometry/ReferenceTetrahedron.hpp:34: error: cannot declare variable ‘theInstance’ to be of abstract type ‘Geometry::ReferenceTetrahedron’
/Users/antRthorn/Dropbox/hpgem/Phoenix/src/Geometry/ReferenceTetrahedron.hpp:22: note:   because the following virtual functions are pure within ‘Geometry::ReferenceTetrahedron’:
/Users/antRthorn/Dropbox/hpgem/Phoenix/src/Geometry/Mappings/MappingCodimensions.hpp:162: note: 	virtual int Geometry::MappingCodimensions<3u>::getCodim0MappingIndex(const std::vector<unsigned int, std::allocator<unsigned int> >&, const std::vector<unsigned int, std::allocator<unsigned int> >&) const
/Users/antRthorn/Dropbox/hpgem/Phoenix/src/Geometry/Mappings/MappingCodimensions.hpp:164: note: 	virtual const Geometry::MappingReferenceToReference<3u, 3u>* Geometry::MappingCodimensions<3u>::getCodim0MappingPtr(unsigned int) const
/Users/antRthorn/Dropbox/hpgem/Phoenix/src/Geometry/Mappings/MappingCodimensions.hpp:172: note: 	virtual unsigned int Geometry::MappingCodimensions<3u>::getNrOfCodim1Entities() const
/Users/antRthorn/Dropbox/hpgem/Phoenix/src/Geometry/Mappings/MappingCodimensions.hpp:174: note: 	virtual void Geometry::MappingCodimensions<3u>::getCodim1EntityLocalIndices(unsigned int, std::vector<unsigned int, std::allocator<unsigned int> >&) const
/Users/antRthorn/Dropbox/hpgem/Phoenix/src/Geometry/Mappings/MappingCodimensions.hpp:176: note: 	virtual const Geometry::MappingReferenceToReference<2u, 3u>* Geometry::MappingCodimensions<3u>::getCodim1MappingPtr(unsigned int) const
/Users/antRthorn/Dropbox/hpgem/Phoenix/src/Geometry/Mappings/MappingCodimensions.hpp:178: note: 	virtual const Geometry::ReferenceGeometry<2u>* Geometry::MappingCodimensions<3u>::getCodim1ReferenceGeometry(unsigned int) const
/Users/antRthorn/Dropbox/hpgem/Phoenix/src/Geometry/Mappings/MappingCodimensions.hpp:180: note: 	virtual unsigned int Geometry::MappingCodimensions<3u>::getNrOfCodim2Entities() const
/Users/antRthorn/Dropbox/hpgem/Phoenix/src/Geometry/Mappings/MappingCodimensions.hpp:182: note: 	virtual void Geometry::MappingCodimensions<3u>::getCodim2EntityLocalIndices(unsigned int, std::vector<unsigned int, std::allocator<unsigned int> >&) const
/Users/antRthorn/Dropbox/hpgem/Phoenix/src/Geometry/Mappings/MappingCodimensions.hpp:184: note: 	virtual const Geometry::MappingReferenceToReference<1u, 3u>* Geometry::MappingCodimensions<3u>::getCodim2MappingPtr(unsigned int) const
/Users/antRthorn/Dropbox/hpgem/Phoenix/src/Geometry/Mappings/MappingCodimensions.hpp:186: note: 	virtual const Geometry::ReferenceGeometry<1u>* Geometry::MappingCodimensions<3u>::getCodim2ReferenceGeometry(unsigned int) const
/Users/antRthorn/Dropbox/hpgem/Phoenix/src/Geometry/Mappings/MappingCodimensions.hpp:188: note: 	virtual unsigned int Geometry::MappingCodimensions<3u>::getNrOfCodim3Entities() const
/Users/antRthorn/Dropbox/hpgem/Phoenix/src/Geometry/Mappings/MappingCodimensions.hpp:190: note: 	virtual void Geometry::MappingCodimensions<3u>::getCodim3EntityLocalIndices(int, std::vector<unsigned int, std::allocator<unsigned int> >&) const
/Users/antRthorn/Dropbox/hpgem/Phoenix/src/Geometry/ReferenceTetrahedron.cpp: In constructor ‘Geometry::ReferenceTetrahedron::ReferenceTetrahedron()’:
/Users/antRthorn/Dropbox/hpgem/Phoenix/src/Geometry/ReferenceTetrahedron.cpp:37: error: ‘PointT’ was not declared in this scope
/Users/antRthorn/Dropbox/hpgem/Phoenix/src/Geometry/ReferenceTetrahedron.cpp:37: error: expected `;' before ‘p1’
/Users/antRthorn/Dropbox/hpgem/Phoenix/src/Geometry/ReferenceTetrahedron.cpp:39: error: ‘p1’ was not declared in this scope
/Users/antRthorn/Dropbox/hpgem/Phoenix/src/Geometry/ReferenceTetrahedron.cpp:43: error: ‘p2’ was not declared in this scope
/Users/antRthorn/Dropbox/hpgem/Phoenix/src/Geometry/ReferenceTetrahedron.cpp:47: error: ‘p3’ was not declared in this scope
/Users/antRthorn/Dropbox/hpgem/Phoenix/src/Geometry/ReferenceTetrahedron.cpp:51: error: ‘p4’ was not declared in this scope
/Users/antRthorn/Dropbox/hpgem/Phoenix/src/Geometry/ReferenceTetrahedron.cpp: At global scope:
/Users/antRthorn/Dropbox/hpgem/Phoenix/src/Geometry/ReferenceTetrahedron.cpp:69: error: expected ‘,’ or ‘...’ before ‘&’ token
/Users/antRthorn/Dropbox/hpgem/Phoenix/src/Geometry/ReferenceTetrahedron.cpp:69: error: ISO C++ forbids declaration of ‘PointT’ with no type
/Users/antRthorn/Dropbox/hpgem/Phoenix/src/Geometry/ReferenceTetrahedron.cpp:69: error: prototype for ‘bool Geometry::ReferenceTetrahedron::isInternalPoint(int) const’ does not match any in class ‘Geometry::ReferenceTetrahedron’
/Users/antRthorn/Dropbox/hpgem/Phoenix/src/Geometry/ReferenceTetrahedron.hpp:41: error: candidate is: virtual bool Geometry::ReferenceTetrahedron::isInternalPoint(const Geometry::PointReference<3u>&) const
/Users/antRthorn/Dropbox/hpgem/Phoenix/src/Geometry/ReferenceTetrahedron.cpp: In member function ‘bool Geometry::ReferenceTetrahedron::isInternalPoint(int) const’:
/Users/antRthorn/Dropbox/hpgem/Phoenix/src/Geometry/ReferenceTetrahedron.cpp:71: error: ‘p’ was not declared in this scope
/Users/antRthorn/Dropbox/hpgem/Phoenix/src/Geometry/ReferenceTetrahedron.cpp: At global scope:
/Users/antRthorn/Dropbox/hpgem/Phoenix/src/Geometry/ReferenceTetrahedron.cpp:77: error: variable or field ‘getCenter’ declared void
/Users/antRthorn/Dropbox/hpgem/Phoenix/src/Geometry/ReferenceTetrahedron.cpp:77: error: ‘PointT’ was not declared in this scope
/Users/antRthorn/Dropbox/hpgem/Phoenix/src/Geometry/ReferenceTetrahedron.cpp:77: error: ‘p’ was not declared in this scope
/Users/antRthorn/Dropbox/hpgem/Phoenix/src/Geometry/ReferenceTetrahedron.cpp:85: error: ‘PointT’ has not been declared
/Users/antRthorn/Dropbox/hpgem/Phoenix/src/Geometry/ReferenceTetrahedron.cpp:85: error: prototype for ‘void Geometry::ReferenceTetrahedron::getVertexPoint(const unsigned int&, int&) const’ does not match any in class ‘Geometry::ReferenceTetrahedron’
/Users/antRthorn/Dropbox/hpgem/Phoenix/src/Geometry/ReferenceTetrahedron.hpp:48: error: candidate is: void Geometry::ReferenceTetrahedron::getVertexPoint(const unsigned int&, Geometry::PointReference<3u>&) const
/Users/antRthorn/Dropbox/hpgem/Phoenix/src/Geometry/ReferenceTetrahedron.cpp: In member function ‘void Geometry::ReferenceTetrahedron::getVertexPoint(const unsigned int&, int&) const’:
/Users/antRthorn/Dropbox/hpgem/Phoenix/src/Geometry/ReferenceTetrahedron.cpp:87: error: cannot convert ‘const Geometry::PointReference<3u>’ to ‘int’ in assignment
make[4]: *** [tests/unit/Geometry/CMakeFiles/TetrahedronTest.out.dir/__/__/__/src/Geometry/ReferenceTetrahedron.cpp.o] Error 1
make[3]: *** [tests/unit/Geometry/CMakeFiles/TetrahedronTest.out.dir/all] Error 2
make[2]: *** [tests/unit/Geometry/CMakeFiles/TetrahedronTest.out.dir/rule] Error 2
make[1]: *** [TetrahedronTest.out] Error 2
<end of output>
Test time =   0.36 sec
----------------------------------------------------------
Test Failed.
"BuildTest" end time: Feb 16 13:24 WET
"BuildTest" time elapsed: 00:00:00
----------------------------------------------------------

Unable to find executable: FaceGeometry.out
5/16 Testing: FaceGeometry
5/16 Test: FaceGeometry
Command: ""
Directory: /Users/antRthorn/Dropbox/hpgem/Phoenix/tests/unit/Geometry
"FaceGeometry" start time: 
Output:
----------------------------------------------------------
<end of output>
Test time =   0.00 sec
----------------------------------------------------------
Test Passed.
"FaceGeometry" end time: Feb 16 13:24 WET
"FaceGeometry" time elapsed: 00:00:00
----------------------------------------------------------

Unable to find executable: TetrahedronSampleTest.out
6/16 Testing: TetrahedronSampleTest
6/16 Test: TetrahedronSampleTest
Command: ""
Directory: /Users/antRthorn/Dropbox/hpgem/Phoenix/tests/unit/Geometry
"TetrahedronSampleTest" start time: 
Output:
----------------------------------------------------------
<end of output>
Test time =   0.00 sec
----------------------------------------------------------
Test Passed.
"TetrahedronSampleTest" end time: Feb 16 13:24 WET
"TetrahedronSampleTest" time elapsed: 00:00:00
----------------------------------------------------------

Unable to find executable: PolytopeTest.out
7/16 Testing: PolytopeTest
7/16 Test: PolytopeTest
Command: ""
Directory: /Users/antRthorn/Dropbox/hpgem/Phoenix/tests/unit/Geometry
"PolytopeTest" start time: 
Output:
----------------------------------------------------------
<end of output>
Test time =   0.00 sec
----------------------------------------------------------
Test Passed.
"PolytopeTest" end time: Feb 16 13:24 WET
"PolytopeTest" time elapsed: 00:00:00
----------------------------------------------------------

Unable to find executable: LineTest.out
8/16 Testing: LineTest
8/16 Test: LineTest
Command: ""
Directory: /Users/antRthorn/Dropbox/hpgem/Phoenix/tests/unit/Geometry
"LineTest" start time: 
Output:
----------------------------------------------------------
<end of output>
Test time =   0.00 sec
----------------------------------------------------------
Test Passed.
"LineTest" end time: Feb 16 13:24 WET
"LineTest" time elapsed: 00:00:00
----------------------------------------------------------

Unable to find executable: TriangleTest.out
9/16 Testing: TriangleTest
9/16 Test: TriangleTest
Command: ""
Directory: /Users/antRthorn/Dropbox/hpgem/Phoenix/tests/unit/Geometry
"TriangleTest" start time: 
Output:
----------------------------------------------------------
<end of output>
Test time =   0.00 sec
----------------------------------------------------------
Test Passed.
"TriangleTest" end time: Feb 16 13:24 WET
"TriangleTest" time elapsed: 00:00:00
----------------------------------------------------------

Unable to find executable: SquareTest.out
10/16 Testing: SquareTest
10/16 Test: SquareTest
Command: ""
Directory: /Users/antRthorn/Dropbox/hpgem/Phoenix/tests/unit/Geometry
"SquareTest" start time: 
Output:
----------------------------------------------------------
<end of output>
Test time =   0.00 sec
----------------------------------------------------------
Test Passed.
"SquareTest" end time: Feb 16 13:24 WET
"SquareTest" time elapsed: 00:00:00
----------------------------------------------------------

Unable to find executable: PyramidTest.out
11/16 Testing: PyramidTest
11/16 Test: PyramidTest
Command: ""
Directory: /Users/antRthorn/Dropbox/hpgem/Phoenix/tests/unit/Geometry
"PyramidTest" start time: 
Output:
----------------------------------------------------------
<end of output>
Test time =   0.00 sec
----------------------------------------------------------
Test Passed.
"PyramidTest" end time: Feb 16 13:24 WET
"PyramidTest" time elapsed: 00:00:00
----------------------------------------------------------

Unable to find executable: TriangularPrismTest.out
12/16 Testing: TriangularPrismTest
12/16 Test: TriangularPrismTest
Command: ""
Directory: /Users/antRthorn/Dropbox/hpgem/Phoenix/tests/unit/Geometry
"TriangularPrismTest" start time: 
Output:
----------------------------------------------------------
<end of output>
Test time =   0.00 sec
----------------------------------------------------------
Test Passed.
"TriangularPrismTest" end time: Feb 16 13:24 WET
"TriangularPrismTest" time elapsed: 00:00:00
----------------------------------------------------------

Unable to find executable: HypercubeTest.out
13/16 Testing: HypercubeTest
13/16 Test: HypercubeTest
Command: ""
Directory: /Users/antRthorn/Dropbox/hpgem/Phoenix/tests/unit/Geometry
"HypercubeTest" start time: 
Output:
----------------------------------------------------------
<end of output>
Test time =   0.00 sec
----------------------------------------------------------
Test Passed.
"HypercubeTest" end time: Feb 16 13:24 WET
"HypercubeTest" time elapsed: 00:00:00
----------------------------------------------------------

Unable to find executable: TetrahedronTest.out
14/16 Testing: TetrahedronTest
14/16 Test: TetrahedronTest
Command: ""
Directory: /Users/antRthorn/Dropbox/hpgem/Phoenix/tests/unit/Geometry
"TetrahedronTest" start time: 
Output:
----------------------------------------------------------
<end of output>
Test time =   0.00 sec
----------------------------------------------------------
Test Passed.
"TetrahedronTest" end time: Feb 16 13:24 WET
"TetrahedronTest" time elapsed: 00:00:00
----------------------------------------------------------

15/16 Testing: BuildTest
15/16 Test: BuildTest
Command: "/Applications/CMake 2.8-10.app/Contents/bin/cmake" "--build" "/Users/antRthorn/Dropbox/hpgem/Phoenix" "--target" "Element_UnitTest.out"
Directory: /Users/antRthorn/Dropbox/hpgem/Phoenix/tests/unit/Base
"BuildTest" start time: Feb 16 13:24 WET
Output:
----------------------------------------------------------
[  0%] Building CXX object tests/unit/Base/CMakeFiles/Element_UnitTest.out.dir/Element_UnitTest.cpp.o
/Users/antRthorn/Dropbox/hpgem/Phoenix/tests/unit/Base/Element_UnitTest.cpp:1:31: error: ../Base/Element.hpp: No such file or directory
/Users/antRthorn/Dropbox/hpgem/Phoenix/tests/unit/Base/Element_UnitTest.cpp:2:33: error: ../Geometry/Point.hpp: No such file or directory
/Users/antRthorn/Dropbox/hpgem/Phoenix/tests/unit/Base/Element_UnitTest.cpp:3:41: error: ../Geometry/PointPhysical.hpp: No such file or directory
/Users/antRthorn/Dropbox/hpgem/Phoenix/tests/unit/Base/Element_UnitTest.cpp:4:43: error: ../Geometry/ElementGeometry.hpp: No such file or directory
/Users/antRthorn/Dropbox/hpgem/Phoenix/tests/unit/Base/Element_UnitTest.cpp:5:44: error: ../Geometry/PhysicalGeometry.hpp: No such file or directory
/Users/antRthorn/Dropbox/hpgem/Phoenix/tests/unit/Base/Element_UnitTest.cpp:6:43: error: ../Geometry/ReferenceSquare.hpp: No such file or directory
/Users/antRthorn/Dropbox/hpgem/Phoenix/tests/unit/Base/Element_UnitTest.cpp:7:52: error: ../Geometry/MappingSimpleCubeNLinear.hpp: No such file or directory
/Users/antRthorn/Dropbox/hpgem/Phoenix/tests/unit/Base/Element_UnitTest.cpp:8:48: error: ../LinearAlgebra/NumericalVector.hpp: No such file or directory
/Users/antRthorn/Dropbox/hpgem/Phoenix/tests/unit/Base/Element_UnitTest.cpp: In function ‘int main()’:
/Users/antRthorn/Dropbox/hpgem/Phoenix/tests/unit/Base/Element_UnitTest.cpp:17: error: ‘i’ was not declared in this scope
/Users/antRthorn/Dropbox/hpgem/Phoenix/tests/unit/Base/Element_UnitTest.cpp:41: error: ‘Geometry’ has not been declared
/Users/antRthorn/Dropbox/hpgem/Phoenix/tests/unit/Base/Element_UnitTest.cpp:41: error: expected `;' before ‘referenceSquare’
/Users/antRthorn/Dropbox/hpgem/Phoenix/tests/unit/Base/Element_UnitTest.cpp:43: error: ‘cout’ was not declared in this scope
/Users/antRthorn/Dropbox/hpgem/Phoenix/tests/unit/Base/Element_UnitTest.cpp:43: error: ‘referenceSquare’ was not declared in this scope
/Users/antRthorn/Dropbox/hpgem/Phoenix/tests/unit/Base/Element_UnitTest.cpp:45: error: ‘Geometry’ has not been declared
/Users/antRthorn/Dropbox/hpgem/Phoenix/tests/unit/Base/Element_UnitTest.cpp:45: error: ‘points’ was not declared in this scope
/Users/antRthorn/Dropbox/hpgem/Phoenix/tests/unit/Base/Element_UnitTest.cpp:45: error: ‘physicalGeometry’ was not declared in this scope
/Users/antRthorn/Dropbox/hpgem/Phoenix/tests/unit/Base/Element_UnitTest.cpp:46: error: ‘Geometry’ has not been declared
/Users/antRthorn/Dropbox/hpgem/Phoenix/tests/unit/Base/Element_UnitTest.cpp:46: error: expected initializer before ‘<’ token
/Users/antRthorn/Dropbox/hpgem/Phoenix/tests/unit/Base/Element_UnitTest.cpp:47: error: ‘Geometry’ has not been declared
/Users/antRthorn/Dropbox/hpgem/Phoenix/tests/unit/Base/Element_UnitTest.cpp:47: error: ‘lala’ was not declared in this scope
/Users/antRthorn/Dropbox/hpgem/Phoenix/tests/unit/Base/Element_UnitTest.cpp:47: error: ‘mapping’ was not declared in this scope
/Users/antRthorn/Dropbox/hpgem/Phoenix/tests/unit/Base/Element_UnitTest.cpp:49: error: ‘Base’ has not been declared
/Users/antRthorn/Dropbox/hpgem/Phoenix/tests/unit/Base/Element_UnitTest.cpp:49: error: ‘element’ was not declared in this scope
make[4]: *** [tests/unit/Base/CMakeFiles/Element_UnitTest.out.dir/Element_UnitTest.cpp.o] Error 1
make[3]: *** [tests/unit/Base/CMakeFiles/Element_UnitTest.out.dir/all] Error 2
make[2]: *** [tests/unit/Base/CMakeFiles/Element_UnitTest.out.dir/rule] Error 2
make[1]: *** [Element_UnitTest.out] Error 2
<end of output>
Test time =   0.14 sec
----------------------------------------------------------
Test Failed.
"BuildTest" end time: Feb 16 13:24 WET
"BuildTest" time elapsed: 00:00:00
----------------------------------------------------------

Unable to find executable: Element_UnitTest.out
16/16 Testing: Element_UnitTest
16/16 Test: Element_UnitTest
Command: ""
Directory: /Users/antRthorn/Dropbox/hpgem/Phoenix/tests/unit/Base
"Element_UnitTest" start time: 
Output:
----------------------------------------------------------
<end of output>
Test time =   0.00 sec
----------------------------------------------------------
Test Passed.
"Element_UnitTest" end time: Feb 16 13:24 WET
"Element_UnitTest" time elapsed: 00:00:00
----------------------------------------------------------

End testing: Feb 16 13:24 WET
